----- CLI crash report at 2026-04-02T13:03:11.236Z
Error Trace
NonInteractiveTerminal: NonInteractiveTerminal
    at ErrorBoundary.componentDidCatch (C:\Users\shriv\AppData\Local\npm-cache\_npx\167aff61dff8be4c\node_modules\@wix\cli-ui-kit\src\renderer.tsx:30:9)
    at ErrorBoundary.Mf.f.componentDidCatch.c2.callback (C:\Users\shriv\AppData\Local\npm-cache\_npx\167aff61dff8be4c\node_modules\node_modules\react-reconciler\cjs\react-reconciler.production.min.js:104:368)
    at ce (C:\Users\shriv\AppData\Local\npm-cache\_npx\167aff61dff8be4c\node_modules\node_modules\react-reconciler\cjs\react-reconciler.production.min.js:59:189)
    at hh (C:\Users\shriv\AppData\Local\npm-cache\_npx\167aff61dff8be4c\node_modules\node_modules\react-reconciler\cjs\react-reconciler.production.min.js:166:422)
    at fh (C:\Users\shriv\AppData\Local\npm-cache\_npx\167aff61dff8be4c\node_modules\node_modules\react-reconciler\cjs\react-reconciler.production.min.js:165:446)
    at eh (C:\Users\shriv\AppData\Local\npm-cache\_npx\167aff61dff8be4c\node_modules\node_modules\react-reconciler\cjs\react-reconciler.production.min.js:164:480)
    at ci (C:\Users\shriv\AppData\Local\npm-cache\_npx\167aff61dff8be4c\node_modules\node_modules\react-reconciler\cjs\react-reconciler.production.min.js:192:84)
    at Xh (C:\Users\shriv\AppData\Local\npm-cache\_npx\167aff61dff8be4c\node_modules\node_modules\react-reconciler\cjs\react-reconciler.production.min.js:190:396)
    at Mh (C:\Users\shriv\AppData\Local\npm-cache\_npx\167aff61dff8be4c\node_modules\node_modules\react-reconciler\cjs\react-reconciler.production.min.js:182:439)
    at ad (C:\Users\shriv\AppData\Local\npm-cache\_npx\167aff61dff8be4c\node_modules\node_modules\react-reconciler\cjs\react-reconciler.production.min.js:41:105)
caused by: Error: Raw mode is not supported on the current process.stdin, which Ink uses as input stream by default.
Read about how to prevent this error on https://github.com/vadimdemedes/ink/#israwmodesupported
    at value (C:\Users\shriv\AppData\Local\npm-cache\_npx\167aff61dff8be4c\node_modules\node_modules\ink\src\components\App.tsx:146:11)
    at <anonymous> (C:\Users\shriv\AppData\Local\npm-cache\_npx\167aff61dff8be4c\node_modules\node_modules\ink\src\hooks\use-input.ts:127:3)
    at Og (C:\Users\shriv\AppData\Local\npm-cache\_npx\167aff61dff8be4c\node_modules\node_modules\react-reconciler\cjs\react-reconciler.production.min.js:151:471)
    at Ph (C:\Users\shriv\AppData\Local\npm-cache\_npx\167aff61dff8be4c\node_modules\node_modules\react-reconciler\cjs\react-reconciler.production.min.js:195:111)
    at Mh (C:\Users\shriv\AppData\Local\npm-cache\_npx\167aff61dff8be4c\node_modules\node_modules\react-reconciler\cjs\react-reconciler.production.min.js:182:185)
    at ad (C:\Users\shriv\AppData\Local\npm-cache\_npx\167aff61dff8be4c\node_modules\node_modules\react-reconciler\cjs\react-reconciler.production.min.js:41:105)
    at ge (C:\Users\shriv\AppData\Local\npm-cache\_npx\167aff61dff8be4c\node_modules\node_modules\react-reconciler\cjs\react-reconciler.production.min.js:175:185)
    at setCurrentParams (C:\Users\shriv\AppData\Local\npm-cache\_npx\167aff61dff8be4c\node_modules\node_modules\react-reconciler\cjs\react-reconciler.production.min.js:95:441)
    at executeAsyncOperation2 (C:\Users\shriv\AppData\Local\npm-cache\_npx\167aff61dff8be4c\node_modules\node_modules\react-async-hook\src\index.ts:258:5)
    at Object.execute (C:\Users\shriv\AppData\Local\npm-cache\_npx\167aff61dff8be4c\node_modules\node_modules\react-async-hook\src\index.ts:285:48)
Error Info
{}
